<?xml version="1.0" encoding="UTF-8"?>
<testng-results ignored="0" total="1" passed="1" failed="0" skipped="0">
  <reporter-output>
  </reporter-output>
  <suite started-at="2024-10-25T23:23:02 EDT" name="Default suite" finished-at="2024-10-25T23:23:13 EDT" duration-ms="11300">
    <groups>
    </groups>
    <test started-at="2024-10-25T23:23:02 EDT" name="Default test" finished-at="2024-10-25T23:23:13 EDT" duration-ms="11300">
      <class name="testNGLearning.MultipleAttr">
        <test-method signature="multipleAttribute()[pri:0, instance:testNGLearning.MultipleAttr@1d119efb]" started-at="2024-10-25T23:23:02 EDT" name="multipleAttribute" finished-at="2024-10-25T23:23:13 EDT" duration-ms="11266" status="PASS">
          <reporter-output>
          </reporter-output>
        </test-method> <!-- multipleAttribute -->
      </class> <!-- testNGLearning.MultipleAttr -->
    </test> <!-- Default test -->
  </suite> <!-- Default suite -->
</testng-results>
