<?xml version="1.0" encoding="UTF-8"?>
<!-- Generated by org.testng.reporters.JUnitXMLReporter -->
<testsuite ignored="1" hostname="DESKTOP-24A78GH" failures="0" tests="11" name="Test" time="54.51" errors="0" timestamp="2024-10-25T22:11:44 EDT">
  <testcase classname="testNGLearning.MultipleAttr" name="multipleAttribute" time="8.524"/>
  <testcase classname="testNGLearning.Rediff" name="openRediff" time="11.352"/>
  <testcase classname="testNGLearning.Rediff" name="loginRediff" time="0.026"/>
  <testcase classname="testNGLearning.Rediff" name="closeRediff" time="1.498"/>
  <testcase classname="testNGLearning.ThruTextFile" name="readandwrite" time="0.005"/>
  <testcase classname="testNGLearning.Vindeep" name="checkVindeep" time="13.194"/>
  <testcase classname="testNGLearning.ReadDataFrmWebTable" name="webtable" time="6.246"/>
  <testcase classname="testNGLearning.CompareWebTable" name="readFromWebTable" time="4.705"/>
  <testcase classname="testNGLearning.CompareWebTable" name="readFromTextFile" time="0.0"/>
  <testcase classname="testNGLearning.CompareWebTable" name="compareData" time="0.0"/>
  <testcase classname="testNGLearning.LaunchGoogleDiffBrowsers" name="diffBrowsers" time="8.906"/>
  <testcase classname="testNGLearning.Rediff" name="loginRediff1" time="0.0">
    <ignored/>
  </testcase> <!-- loginRediff1 -->
</testsuite> <!-- Test -->
